2020-05-30 17:43:13.202 DEBUG 14884 --- [restartedMain] .c.l.ClasspathLoggingApplicationListener : Application started with classpath: [file:/home/val/IdeaProjects/SpringHibernateTutorial/MyFirstSpringBootDemo/target/classes/]
2020-05-30 17:43:13.310  INFO 14884 --- [restartedMain] e.s.d.M.MyFirstSpringBootDemoApplication : Starting MyFirstSpringBootDemoApplication on dojo with PID 14884 (/home/val/IdeaProjects/SpringHibernateTutorial/MyFirstSpringBootDemo/target/classes started by val in /home/val/IdeaProjects/SpringHibernateTutorial/MyFirstSpringBootDemo)
2020-05-30 17:43:13.313  INFO 14884 --- [restartedMain] e.s.d.M.MyFirstSpringBootDemoApplication : No active profile set, falling back to default profiles: default
2020-05-30 17:43:13.314 DEBUG 14884 --- [restartedMain] o.s.boot.SpringApplication               : Loading source class org.example.springboot.demo.MyFirstSpringBootDemo.MyFirstSpringBootDemoApplication
2020-05-30 17:43:13.368 DEBUG 14884 --- [restartedMain] o.s.b.c.c.ConfigFileApplicationListener  : Loaded config file 'file:/home/val/IdeaProjects/SpringHibernateTutorial/MyFirstSpringBootDemo/target/classes/application.properties' (classpath:/application.properties)
2020-05-30 17:43:13.371 DEBUG 14884 --- [restartedMain] o.s.b.devtools.restart.ChangeableUrls    : Matching URLs for reloading : [file:/home/val/IdeaProjects/SpringHibernateTutorial/MyFirstSpringBootDemo/target/classes/]
2020-05-30 17:43:13.372 DEBUG 14884 --- [restartedMain] o.s.b.d.settings.DevToolsSettings        : Included patterns for restart : []
2020-05-30 17:43:13.372 DEBUG 14884 --- [restartedMain] o.s.b.d.settings.DevToolsSettings        : Excluded patterns for restart : [/spring-boot-actuator/(bin|build|out)/, /spring-boot-devtools/(bin|build|out)/, /spring-boot/(bin|build|out)/, /spring-boot-starter-[\w-]+/, /spring-boot-autoconfigure/(bin|build|out)/, /spring-boot-starter/(bin|build|out)/]
2020-05-30 17:43:13.372  INFO 14884 --- [restartedMain] .e.DevToolsPropertyDefaultsPostProcessor : Devtools property defaults active! Set 'spring.devtools.add-properties' to 'false' to disable
2020-05-30 17:43:13.372  INFO 14884 --- [restartedMain] .e.DevToolsPropertyDefaultsPostProcessor : For additional web related logging consider setting the 'logging.level.web' property to 'DEBUG'
2020-05-30 17:43:13.373 DEBUG 14884 --- [restartedMain] ConfigServletWebServerApplicationContext : Refreshing org.springframework.boot.web.servlet.context.AnnotationConfigServletWebServerApplicationContext@4bf30c1f
2020-05-30 17:43:13.408 DEBUG 14884 --- [restartedMain] o.s.b.f.s.DefaultListableBeanFactory     : Creating shared instance of singleton bean 'org.springframework.context.annotation.internalConfigurationAnnotationProcessor'
2020-05-30 17:43:13.423 DEBUG 14884 --- [restartedMain] o.s.b.f.s.DefaultListableBeanFactory     : Creating shared instance of singleton bean 'org.springframework.boot.autoconfigure.internalCachingMetadataReaderFactory'
2020-05-30 17:43:13.494 DEBUG 14884 --- [restartedMain] o.s.c.a.ClassPathBeanDefinitionScanner   : Identified candidate component class: file [/home/val/IdeaProjects/SpringHibernateTutorial/MyFirstSpringBootDemo/target/classes/org/example/springboot/demo/MyFirstSpringBootDemo/controllers/EmployeeController.class]
2020-05-30 17:43:13.497 DEBUG 14884 --- [restartedMain] o.s.c.a.ClassPathBeanDefinitionScanner   : Identified candidate component class: file [/home/val/IdeaProjects/SpringHibernateTutorial/MyFirstSpringBootDemo/target/classes/org/example/springboot/demo/MyFirstSpringBootDemo/controllers/FunRestController.class]
2020-05-30 17:43:13.499 DEBUG 14884 --- [restartedMain] o.s.c.a.ClassPathBeanDefinitionScanner   : Identified candidate component class: file [/home/val/IdeaProjects/SpringHibernateTutorial/MyFirstSpringBootDemo/target/classes/org/example/springboot/demo/MyFirstSpringBootDemo/dao/EmployeeDAOHibernateImpl.class]
2020-05-30 17:43:13.499 DEBUG 14884 --- [restartedMain] o.s.c.a.ClassPathBeanDefinitionScanner   : Identified candidate component class: file [/home/val/IdeaProjects/SpringHibernateTutorial/MyFirstSpringBootDemo/target/classes/org/example/springboot/demo/MyFirstSpringBootDemo/dao/EmployeeDAOJpaImpl.class]
2020-05-30 17:43:13.503 DEBUG 14884 --- [restartedMain] o.s.c.a.ClassPathBeanDefinitionScanner   : Identified candidate component class: file [/home/val/IdeaProjects/SpringHibernateTutorial/MyFirstSpringBootDemo/target/classes/org/example/springboot/demo/MyFirstSpringBootDemo/services/EmployeeServiceImpl.class]
2020-05-30 17:43:13.504 DEBUG 14884 --- [restartedMain] o.s.c.a.ClassPathBeanDefinitionScanner   : Identified candidate component class: file [/home/val/IdeaProjects/SpringHibernateTutorial/MyFirstSpringBootDemo/target/classes/org/example/springboot/demo/MyFirstSpringBootDemo/services/EmployeeServiceImpl_forSpringDataJPA.class]
2020-05-30 17:43:13.508  WARN 14884 --- [restartedMain] ConfigServletWebServerApplicationContext : Exception encountered during context initialization - cancelling refresh attempt: org.springframework.beans.factory.BeanDefinitionStoreException: Failed to parse configuration class [org.example.springboot.demo.MyFirstSpringBootDemo.MyFirstSpringBootDemoApplication]; nested exception is org.springframework.context.annotation.ConflictingBeanDefinitionException: Annotation-specified bean name 'employeeService' for bean class [org.example.springboot.demo.MyFirstSpringBootDemo.services.EmployeeServiceImpl_forSpringDataJPA] conflicts with existing, non-compatible bean definition of same name and class [org.example.springboot.demo.MyFirstSpringBootDemo.services.EmployeeServiceImpl]
2020-05-30 17:43:13.516 DEBUG 14884 --- [restartedMain] o.s.boot.devtools.restart.Restarter      : Creating new Restarter for thread Thread[main,5,main]
2020-05-30 17:43:13.516 DEBUG 14884 --- [restartedMain] o.s.boot.devtools.restart.Restarter      : Immediately restarting application
2020-05-30 17:43:13.516 DEBUG 14884 --- [restartedMain] o.s.boot.devtools.restart.Restarter      : Created RestartClassLoader org.springframework.boot.devtools.restart.classloader.RestartClassLoader@64cdfb59
2020-05-30 17:43:13.516 DEBUG 14884 --- [restartedMain] o.s.boot.devtools.restart.Restarter      : Starting application org.example.springboot.demo.MyFirstSpringBootDemo.MyFirstSpringBootDemoApplication with URLs [file:/home/val/IdeaProjects/SpringHibernateTutorial/MyFirstSpringBootDemo/target/classes/]
2020-05-30 17:43:13.516 DEBUG 14884 --- [restartedMain] .c.l.ClasspathLoggingApplicationListener : Application failed to start with classpath: [file:/home/val/IdeaProjects/SpringHibernateTutorial/MyFirstSpringBootDemo/target/classes/]
2020-05-30 17:43:13.531 DEBUG 14884 --- [restartedMain] o.s.boot.diagnostics.FailureAnalyzers    : FailureAnalyzer org.springframework.boot.diagnostics.analyzer.ValidationExceptionFailureAnalyzer@1e8378c failed

java.lang.TypeNotPresentException: Type javax.validation.ValidationException not present
	at sun.reflect.generics.factory.CoreReflectionFactory.makeNamedType(CoreReflectionFactory.java:117) ~[na:1.8.0_252]
	at sun.reflect.generics.visitor.Reifier.visitClassTypeSignature(Reifier.java:125) ~[na:1.8.0_252]
	at sun.reflect.generics.tree.ClassTypeSignature.accept(ClassTypeSignature.java:49) ~[na:1.8.0_252]
	at sun.reflect.generics.visitor.Reifier.reifyTypeArguments(Reifier.java:68) ~[na:1.8.0_252]
	at sun.reflect.generics.visitor.Reifier.visitClassTypeSignature(Reifier.java:138) ~[na:1.8.0_252]
	at sun.reflect.generics.tree.ClassTypeSignature.accept(ClassTypeSignature.java:49) ~[na:1.8.0_252]
	at sun.reflect.generics.repository.ClassRepository.getSuperclass(ClassRepository.java:90) ~[na:1.8.0_252]
	at java.lang.Class.getGenericSuperclass(Class.java:777) ~[na:1.8.0_252]
	at org.springframework.core.ResolvableType.getSuperType(ResolvableType.java:467) ~[spring-core-5.2.6.RELEASE.jar:5.2.6.RELEASE]
	at org.springframework.core.ResolvableType.as(ResolvableType.java:456) ~[spring-core-5.2.6.RELEASE.jar:5.2.6.RELEASE]
	at org.springframework.core.ResolvableType.forClass(ResolvableType.java:1041) ~[spring-core-5.2.6.RELEASE.jar:5.2.6.RELEASE]
	at org.springframework.boot.diagnostics.AbstractFailureAnalyzer.getCauseType(AbstractFailureAnalyzer.java:56) ~[spring-boot-2.3.0.RELEASE.jar:2.3.0.RELEASE]
	at org.springframework.boot.diagnostics.AbstractFailureAnalyzer.analyze(AbstractFailureAnalyzer.java:33) ~[spring-boot-2.3.0.RELEASE.jar:2.3.0.RELEASE]
	at org.springframework.boot.diagnostics.FailureAnalyzers.analyze(FailureAnalyzers.java:111) [spring-boot-2.3.0.RELEASE.jar:2.3.0.RELEASE]
	at org.springframework.boot.diagnostics.FailureAnalyzers.reportException(FailureAnalyzers.java:104) [spring-boot-2.3.0.RELEASE.jar:2.3.0.RELEASE]
	at org.springframework.boot.SpringApplication.reportFailure(SpringApplication.java:827) [spring-boot-2.3.0.RELEASE.jar:2.3.0.RELEASE]
	at org.springframework.boot.SpringApplication.handleRunFailure(SpringApplication.java:812) [spring-boot-2.3.0.RELEASE.jar:2.3.0.RELEASE]
	at org.springframework.boot.SpringApplication.run(SpringApplication.java:325) [spring-boot-2.3.0.RELEASE.jar:2.3.0.RELEASE]
	at org.springframework.boot.SpringApplication.run(SpringApplication.java:1237) [spring-boot-2.3.0.RELEASE.jar:2.3.0.RELEASE]
	at org.springframework.boot.SpringApplication.run(SpringApplication.java:1226) [spring-boot-2.3.0.RELEASE.jar:2.3.0.RELEASE]
	at org.example.springboot.demo.MyFirstSpringBootDemo.MyFirstSpringBootDemoApplication.main(MyFirstSpringBootDemoApplication.java:10) [classes/:na]
	at sun.reflect.NativeMethodAccessorImpl.invoke0(Native Method) ~[na:1.8.0_252]
	at sun.reflect.NativeMethodAccessorImpl.invoke(NativeMethodAccessorImpl.java:62) ~[na:1.8.0_252]
	at sun.reflect.DelegatingMethodAccessorImpl.invoke(DelegatingMethodAccessorImpl.java:43) ~[na:1.8.0_252]
	at java.lang.reflect.Method.invoke(Method.java:498) ~[na:1.8.0_252]
	at org.springframework.boot.devtools.restart.RestartLauncher.run(RestartLauncher.java:49) [spring-boot-devtools-2.3.0.RELEASE.jar:2.3.0.RELEASE]
Caused by: java.lang.ClassNotFoundException: javax.validation.ValidationException
	at java.net.URLClassLoader.findClass(URLClassLoader.java:382) ~[na:1.8.0_252]
	at java.lang.ClassLoader.loadClass(ClassLoader.java:418) ~[na:1.8.0_252]
	at sun.misc.Launcher$AppClassLoader.loadClass(Launcher.java:352) ~[na:1.8.0_252]
	at java.lang.ClassLoader.loadClass(ClassLoader.java:351) ~[na:1.8.0_252]
	at java.lang.Class.forName0(Native Method) ~[na:1.8.0_252]
	at java.lang.Class.forName(Class.java:348) ~[na:1.8.0_252]
	at sun.reflect.generics.factory.CoreReflectionFactory.makeNamedType(CoreReflectionFactory.java:114) ~[na:1.8.0_252]
	... 25 common frames omitted

2020-05-30 17:43:13.537 ERROR 14884 --- [restartedMain] o.s.boot.SpringApplication               : Application run failed

org.springframework.beans.factory.BeanDefinitionStoreException: Failed to parse configuration class [org.example.springboot.demo.MyFirstSpringBootDemo.MyFirstSpringBootDemoApplication]; nested exception is org.springframework.context.annotation.ConflictingBeanDefinitionException: Annotation-specified bean name 'employeeService' for bean class [org.example.springboot.demo.MyFirstSpringBootDemo.services.EmployeeServiceImpl_forSpringDataJPA] conflicts with existing, non-compatible bean definition of same name and class [org.example.springboot.demo.MyFirstSpringBootDemo.services.EmployeeServiceImpl]
	at org.springframework.context.annotation.ConfigurationClassParser.parse(ConfigurationClassParser.java:188) ~[spring-context-5.2.6.RELEASE.jar:5.2.6.RELEASE]
	at org.springframework.context.annotation.ConfigurationClassPostProcessor.processConfigBeanDefinitions(ConfigurationClassPostProcessor.java:319) ~[spring-context-5.2.6.RELEASE.jar:5.2.6.RELEASE]
	at org.springframework.context.annotation.ConfigurationClassPostProcessor.postProcessBeanDefinitionRegistry(ConfigurationClassPostProcessor.java:236) ~[spring-context-5.2.6.RELEASE.jar:5.2.6.RELEASE]
	at org.springframework.context.support.PostProcessorRegistrationDelegate.invokeBeanDefinitionRegistryPostProcessors(PostProcessorRegistrationDelegate.java:280) ~[spring-context-5.2.6.RELEASE.jar:5.2.6.RELEASE]
	at org.springframework.context.support.PostProcessorRegistrationDelegate.invokeBeanFactoryPostProcessors(PostProcessorRegistrationDelegate.java:96) ~[spring-context-5.2.6.RELEASE.jar:5.2.6.RELEASE]
	at org.springframework.context.support.AbstractApplicationContext.invokeBeanFactoryPostProcessors(AbstractApplicationContext.java:706) ~[spring-context-5.2.6.RELEASE.jar:5.2.6.RELEASE]
	at org.springframework.context.support.AbstractApplicationContext.refresh(AbstractApplicationContext.java:532) ~[spring-context-5.2.6.RELEASE.jar:5.2.6.RELEASE]
	at org.springframework.boot.web.servlet.context.ServletWebServerApplicationContext.refresh(ServletWebServerApplicationContext.java:143) ~[spring-boot-2.3.0.RELEASE.jar:2.3.0.RELEASE]
	at org.springframework.boot.SpringApplication.refresh(SpringApplication.java:758) [spring-boot-2.3.0.RELEASE.jar:2.3.0.RELEASE]
	at org.springframework.boot.SpringApplication.refresh(SpringApplication.java:750) [spring-boot-2.3.0.RELEASE.jar:2.3.0.RELEASE]
	at org.springframework.boot.SpringApplication.refreshContext(SpringApplication.java:397) [spring-boot-2.3.0.RELEASE.jar:2.3.0.RELEASE]
	at org.springframework.boot.SpringApplication.run(SpringApplication.java:315) [spring-boot-2.3.0.RELEASE.jar:2.3.0.RELEASE]
	at org.springframework.boot.SpringApplication.run(SpringApplication.java:1237) [spring-boot-2.3.0.RELEASE.jar:2.3.0.RELEASE]
	at org.springframework.boot.SpringApplication.run(SpringApplication.java:1226) [spring-boot-2.3.0.RELEASE.jar:2.3.0.RELEASE]
	at org.example.springboot.demo.MyFirstSpringBootDemo.MyFirstSpringBootDemoApplication.main(MyFirstSpringBootDemoApplication.java:10) [classes/:na]
	at sun.reflect.NativeMethodAccessorImpl.invoke0(Native Method) ~[na:1.8.0_252]
	at sun.reflect.NativeMethodAccessorImpl.invoke(NativeMethodAccessorImpl.java:62) ~[na:1.8.0_252]
	at sun.reflect.DelegatingMethodAccessorImpl.invoke(DelegatingMethodAccessorImpl.java:43) ~[na:1.8.0_252]
	at java.lang.reflect.Method.invoke(Method.java:498) ~[na:1.8.0_252]
	at org.springframework.boot.devtools.restart.RestartLauncher.run(RestartLauncher.java:49) [spring-boot-devtools-2.3.0.RELEASE.jar:2.3.0.RELEASE]
Caused by: org.springframework.context.annotation.ConflictingBeanDefinitionException: Annotation-specified bean name 'employeeService' for bean class [org.example.springboot.demo.MyFirstSpringBootDemo.services.EmployeeServiceImpl_forSpringDataJPA] conflicts with existing, non-compatible bean definition of same name and class [org.example.springboot.demo.MyFirstSpringBootDemo.services.EmployeeServiceImpl]
	at org.springframework.context.annotation.ClassPathBeanDefinitionScanner.checkCandidate(ClassPathBeanDefinitionScanner.java:349) ~[spring-context-5.2.6.RELEASE.jar:5.2.6.RELEASE]
	at org.springframework.context.annotation.ClassPathBeanDefinitionScanner.doScan(ClassPathBeanDefinitionScanner.java:287) ~[spring-context-5.2.6.RELEASE.jar:5.2.6.RELEASE]
	at org.springframework.context.annotation.ComponentScanAnnotationParser.parse(ComponentScanAnnotationParser.java:132) ~[spring-context-5.2.6.RELEASE.jar:5.2.6.RELEASE]
	at org.springframework.context.annotation.ConfigurationClassParser.doProcessConfigurationClass(ConfigurationClassParser.java:295) ~[spring-context-5.2.6.RELEASE.jar:5.2.6.RELEASE]
	at org.springframework.context.annotation.ConfigurationClassParser.processConfigurationClass(ConfigurationClassParser.java:249) ~[spring-context-5.2.6.RELEASE.jar:5.2.6.RELEASE]
	at org.springframework.context.annotation.ConfigurationClassParser.parse(ConfigurationClassParser.java:206) ~[spring-context-5.2.6.RELEASE.jar:5.2.6.RELEASE]
	at org.springframework.context.annotation.ConfigurationClassParser.parse(ConfigurationClassParser.java:174) ~[spring-context-5.2.6.RELEASE.jar:5.2.6.RELEASE]
	... 19 common frames omitted

